Searching C:/Kodingan3/ForestForesight/test_data/preprocessed/input for tiles 00N_000E 
loading tile data from 00N_000E for 2024-09-01  
====== load_groundtruth_raster running ======
[1] "selected_files: C:/Kodingan3/ForestForesight/test_data/preprocessed/input/00N_000E/00N_000E_2024-09-01_confidence.tif"        
[2] "selected_files: C:/Kodingan3/ForestForesight/test_data/preprocessed/input/00N_000E/00N_000E_2024-09-01_lastmonth.tif"         
[3] "selected_files: C:/Kodingan3/ForestForesight/test_data/preprocessed/input/00N_000E/00N_000E_2024-09-01_patchdensity.tif"      
[4] "selected_files: C:/Kodingan3/ForestForesight/test_data/preprocessed/input/00N_000E/00N_000E_2024-09-01_previoussameseason.tif"
[5] "selected_files: C:/Kodingan3/ForestForesight/test_data/preprocessed/input/00N_000E/00N_000E_2024-09-01_smoothedtotal.tif"     
[6] "selected_files: C:/Kodingan3/ForestForesight/test_data/preprocessed/input/00N_000E/00N_000E_2024-09-01_timesinceloss.tif"     
[1] "gt_pattern: groundtruth6m\n"
[1] "first: TRUE\n"
[1] "verbose: TRUE\n"
[1] "extent: ext(0, 10, -10, 0)\n"
[1] "hasgroundtruth: FALSE\n"
no groundtruth raster was found, first regular raster selected as a template raster.
selected_files[1]:  C:/Kodingan3/ForestForesight/test_data/preprocessed/input/00N_000E/00N_000E_2024-09-01_confidence.tif 
======> return of load_gt_raster =======>
[1] "groundtruth_raster: rast(ncols=2500, nrows=2500, nlyrs=1, xmin=0, xmax=10, ymin=-10, ymax=0, names=c('00N_000E_2024-09-01_confidence'), crs='EPSG:4326')"
[1] "hasgroundtruth: FALSE"
[1] "first: TRUE"

========= transform_raster_to_data_matrix